Aug 22, 2023 10:21:02 AM runner.Base openBrowser
INFO: Browser Launched
Aug 22, 2023 10:21:03 AM runner.Base openBrowser
INFO: Browser Loaded the URL
Aug 22, 2023 10:21:04 AM runner.Testcase1 Register
INFO: Browser Navigated to the Register Page
Aug 22, 2023 10:21:05 AM runner.Testcase1 Register
INFO: Female Button clicked in the Register Page
Aug 22, 2023 10:21:06 AM runner.Testcase1 Register
INFO: First Name Entered in the Register Page
Aug 22, 2023 10:21:07 AM runner.Testcase1 Register
INFO: Last Name Entered in the Register Page
Aug 22, 2023 10:21:08 AM runner.Testcase1 Register
INFO: Email Entered in the Register Page
Aug 22, 2023 10:21:09 AM runner.Testcase1 Register
INFO: Password Entered in the Register Page
Aug 22, 2023 10:21:10 AM runner.Testcase1 Register
INFO: Confirm Password Entered in the Register Page
Aug 22, 2023 10:21:10 AM runner.Testcase1 Register
INFO: Screenshot taken in the Register Page
Aug 22, 2023 10:21:12 AM runner.Testcase1 Register
INFO: Register Button Clicked
Aug 22, 2023 10:21:13 AM runner.Testcase1 afterMethod
INFO: Browser closed
Aug 22, 2023 10:21:14 AM runner.Base openBrowser
INFO: Browser Launched
Aug 22, 2023 10:21:16 AM runner.Base openBrowser
INFO: Browser Loaded the URL
Aug 22, 2023 10:21:17 AM runner.Testcase1 Valid_Login_TC
INFO: username read from excel and entered in the field
Aug 22, 2023 10:21:17 AM runner.Testcase1 Valid_Login_TC
INFO: password read from excel and entered in the field
Aug 22, 2023 10:21:18 AM runner.Testcase1 Valid_Login_TC
INFO: Login Button Clicked
Aug 22, 2023 10:21:18 AM runner.Testcase1 Valid_Login_TC
INFO: Screenshot taken
Aug 22, 2023 10:21:19 AM runner.Testcase1 afterMethod
INFO: Browser closed
Aug 22, 2023 10:21:20 AM runner.Base openBrowser
INFO: Browser Launched
Aug 22, 2023 10:21:21 AM runner.Base openBrowser
INFO: Browser Loaded the URL
Aug 22, 2023 10:21:21 AM runner.Testcase1 TC_Vote_003
INFO: Test Started
Aug 22, 2023 10:21:24 AM runner.Testcase1 afterMethod
INFO: Browser closed
